Added Component: Designator=P1(HDR1X2)
Add component (AddParameter): Name = "LatestRevisionDate"; Value = "17-Jul-2002"; VariantName = "[No Variations]"
Add component (AddParameter): Name = "LatestRevisionNote"; Value = "Re-released for DXP Platform."; VariantName = "[No Variations]"
Add component (AddParameter): Name = "Publisher"; Value = "Altium Limited"; VariantName = "[No Variations]"
Added Component: Designator=P2(HDR1X2)
Add component (AddParameter): Name = "LatestRevisionDate"; Value = "17-Jul-2002"; VariantName = "[No Variations]"
Add component (AddParameter): Name = "LatestRevisionNote"; Value = "Re-released for DXP Platform."; VariantName = "[No Variations]"
Add component (AddParameter): Name = "Publisher"; Value = "Altium Limited"; VariantName = "[No Variations]"
Added Component: Designator=P3(HDR1X2)
Add component (AddParameter): Name = "LatestRevisionDate"; Value = "17-Jul-2002"; VariantName = "[No Variations]"
Add component (AddParameter): Name = "LatestRevisionNote"; Value = "Re-released for DXP Platform."; VariantName = "[No Variations]"
Add component (AddParameter): Name = "Publisher"; Value = "Altium Limited"; VariantName = "[No Variations]"
Added Component: Designator=P4(HDR1X2)
Add component (AddParameter): Name = "LatestRevisionDate"; Value = "17-Jul-2002"; VariantName = "[No Variations]"
Add component (AddParameter): Name = "LatestRevisionNote"; Value = "Re-released for DXP Platform."; VariantName = "[No Variations]"
Add component (AddParameter): Name = "Publisher"; Value = "Altium Limited"; VariantName = "[No Variations]"
Added Net: Name=+5V
Added Pin To Net: NetName=D_N Pin=P1-2
Added Pin To Net: NetName=D_N Pin=P2-2
Added Pin To Net: NetName=D_N Pin=P3-2
Added Pin To Net: NetName=D_N Pin=P4-2
Added Net: Name=D_N
Added Pin To Net: NetName=D_P Pin=P1-1
Added Pin To Net: NetName=D_P Pin=P2-1
Added Pin To Net: NetName=D_P Pin=P3-1
Added Pin To Net: NetName=D_P Pin=P4-1
Added Net: Name=D_P
Added Net: Name=GND
Added Net: Name=NetR2_1
Added Net: Name=NetR6_1
Added Net: Name=NetR10_1
Added Net: Name=NetR14_1
Added Net: Name=NetU1_1
Added Net: Name=NetU1_2
Added Net: Name=NetU1_4
Added Net: Name=NetU2_8
Added Net: Name=NetU2_9
Added Net: Name=NetU2_10
Added Net: Name=NetU2_14
Added Net: Name=NetU2_15
Added Net: Name=NetU2_16
Added Net: Name=NetU2_23
Added Net: Name=NetU2_24
Added Net: Name=NetU2_25
Added Class: Name=Schematics
Added Class: Name=DIFF PAIR DATA
Added Differential Pair: Name=D
Added Room: Name=Schematics
