Added Component: Designator=P1(HDR2X10)
Add component (AddParameter): Name = "LatestRevisionDate"; Value = "17-Jul-2002"; VariantName = "[No Variations]"
Add component (AddParameter): Name = "LatestRevisionNote"; Value = "Re-released for DXP Platform."; VariantName = "[No Variations]"
Add component (AddParameter): Name = "Publisher"; Value = "Altium Limited"; VariantName = "[No Variations]"
Added Component: Designator=R1(R0603)
Add component (AddParameter): Name = "Value"; Value = "100K"; VariantName = "[No Variations]"
Added Component: Designator=R2(R0603)
Add component (AddParameter): Name = "Value"; Value = "60R"; VariantName = "[No Variations]"
Added Component: Designator=R3(R0603)
Add component (AddParameter): Name = "Value"; Value = "60R"; VariantName = "[No Variations]"
Added Component: Designator=R4(R0603)
Add component (AddParameter): Name = "Value"; Value = "100K"; VariantName = "[No Variations]"
Added Component: Designator=U1(ST485CDR)
Add component (AddParameter): Name = "Supplier 1"; Value = "Farnell"; VariantName = "[No Variations]"
Add component (AddParameter): Name = "Supplier Part Number 1"; Value = "1564307"; VariantName = "[No Variations]"
Added Pin To Net: NetName=+5V Pin=P1-2
Added Pin To Net: NetName=+5V Pin=R1-2
Added Pin To Net: NetName=+5V Pin=U1-8
Added Net: Name=+5V
Added Pin To Net: NetName=D_N Pin=R3-2
Added Pin To Net: NetName=D_N Pin=R4-2
Added Pin To Net: NetName=D_N Pin=U1-7
Added Net: Name=D_N
Added Pin To Net: NetName=D_P Pin=R1-1
Added Pin To Net: NetName=D_P Pin=R2-2
Added Pin To Net: NetName=D_P Pin=U1-6
Added Net: Name=D_P
Added Pin To Net: NetName=GND Pin=P1-6
Added Pin To Net: NetName=GND Pin=R4-1
Added Pin To Net: NetName=GND Pin=U1-5
Added Net: Name=GND
Added Pin To Net: NetName=NetP1_8 Pin=P1-8
Added Pin To Net: NetName=NetP1_8 Pin=U1-4
Added Net: Name=NetP1_8
Added Pin To Net: NetName=NetP1_10 Pin=P1-10
Added Pin To Net: NetName=NetP1_10 Pin=U1-1
Added Net: Name=NetP1_10
Added Pin To Net: NetName=NetP1_12 Pin=P1-12
Added Pin To Net: NetName=NetP1_12 Pin=U1-2
Added Pin To Net: NetName=NetP1_12 Pin=U1-3
Added Net: Name=NetP1_12
Added Pin To Net: NetName=NetR2_1 Pin=R2-1
Added Pin To Net: NetName=NetR2_1 Pin=R3-1
Added Net: Name=NetR2_1
Added Class: Name=Schematics
Added Class: Name=DIFF PAIR DATA
Added Differential Pair: Name=D
Added Room: Name=Schematics
