Removed Pin From Net: NetName=D_P Pin=P1-1
Removed Pin From Net: NetName=D_N Pin=P1-2
Removed Pin From Net: NetName=D_P Pin=P2-1
Removed Pin From Net: NetName=D_N Pin=P2-2
Removed Pin From Net: NetName=D_P Pin=P3-1
Removed Pin From Net: NetName=D_N Pin=P3-2
Removed Pin From Net: NetName=D_P Pin=P4-1
Removed Pin From Net: NetName=D_N Pin=P4-2
Removed Member From Class: ClassName=Schematics Member=P1
Removed Member From Class: ClassName=Schematics Member=P2
Removed Member From Class: ClassName=Schematics Member=P3
Removed Member From Class: ClassName=Schematics Member=P4
Added Component: Designator=J?(Header 1x3 male)
Added Component: Designator=J?(Header 1x3 male)
Added Component: Designator=J?(Header 1x3 male)
Added Component: Designator=J?(Header 1x3 male)
Added Component: Designator=J?(Header 1x3 male)
Added Component: Designator=J(Header 1x3 male)
Added Pin To Net: NetName=D_P Pin=J-1
Added Pin To Net: NetName=D_N Pin=J-2
Added Pin To Net: NetName=GND Pin=J-3
Added Pin To Net: NetName=D_P Pin=J?-1
Added Pin To Net: NetName=D_P Pin=J?-1
Added Pin To Net: NetName=D_P Pin=J?-1
Added Pin To Net: NetName=D_N Pin=J?-2
Added Pin To Net: NetName=D_N Pin=J?-2
Added Pin To Net: NetName=D_N Pin=J?-2
Added Pin To Net: NetName=GND Pin=J?-3
Added Pin To Net: NetName=GND Pin=J?-3
Added Pin To Net: NetName=GND Pin=J?-3
Added Member To Class: ClassName=Schematics Member=Component J? 349873-345-34_2
Added Member To Class: ClassName=Schematics Member=Component J? 349873-345-34_2
Added Member To Class: ClassName=Schematics Member=Component J? 349873-345-34_2
Added Member To Class: ClassName=Schematics Member=Component J? 349873-345-34_2
Added Member To Class: ClassName=Schematics Member=Component J? 349873-345-34_2
Added Member To Class: ClassName=Schematics Member=Component J 349873-345-34_2
